<?xml version="1.0" encoding="UTF-8"?>
<!-- Generated by org.testng.reporters.JUnitXMLReporter -->
<testsuite hostname="INHYNSKSHEERA01" name="Test" tests="6" failures="0" timestamp="4 Feb 2022 06:14:52 GMT" time="17.68" errors="0">
  <testcase name="@BeforeClass setupMethod" time="0.0" classname="HRM.Orange.PageTests.Admin.AssignLeaveTest">
    <failure type="org.openqa.selenium.StaleElementReferenceException" message="stale element reference: element is not attached to the page document
  (Session info: chrome=98.0.4758.81)
For documentation on this error, please visit: https://www.seleniumhq.org/exceptions/stale_element_reference.html
Build info: version: &amp;apos;3.141.59&amp;apos;, revision: &amp;apos;e82be7d358&amp;apos;, time: &amp;apos;2018-11-14T08:17:03&amp;apos;
System info: host: &amp;apos;INHYNSKSHEERA01&amp;apos;, ip: &amp;apos;192.168.29.145&amp;apos;, os.name: &amp;apos;Windows 10&amp;apos;, os.arch: &amp;apos;amd64&amp;apos;, os.version: &amp;apos;10.0&amp;apos;, java.version: &amp;apos;1.8.0_312&amp;apos;
Driver info: org.openqa.selenium.chrome.ChromeDriver
Capabilities {acceptInsecureCerts: false, browserName: chrome, browserVersion: 98.0.4758.81, chrome: {chromedriverVersion: 98.0.4758.80 (7f0488e8ba0d8..., userDataDir: C:\Users\SKSHEE~1\AppData\L...}, goog:chromeOptions: {debuggerAddress: localhost:52454}, javascriptEnabled: true, networkConnectionEnabled: false, pageLoadStrategy: normal, platform: WINDOWS, platformName: WINDOWS, proxy: Proxy(), setWindowRect: true, strictFileInteractability: false, timeouts: {implicit: 0, pageLoad: 300000, script: 30000}, unhandledPromptBehavior: dismiss and notify, webauthn:extension:credBlob: true, webauthn:extension:largeBlob: true, webauthn:virtualAuthenticators: true}
Session ID: ea43ab765be34b67b502d96fd180d9a7">
      <![CDATA[org.openqa.selenium.StaleElementReferenceException: stale element reference: element is not attached to the page document
  (Session info: chrome=98.0.4758.81)
For documentation on this error, please visit: https://www.seleniumhq.org/exceptions/stale_element_reference.html
Build info: version: '3.141.59', revision: 'e82be7d358', time: '2018-11-14T08:17:03'
System info: host: 'INHYNSKSHEERA01', ip: '192.168.29.145', os.name: 'Windows 10', os.arch: 'amd64', os.version: '10.0', java.version: '1.8.0_312'
Driver info: org.openqa.selenium.chrome.ChromeDriver
Capabilities {acceptInsecureCerts: false, browserName: chrome, browserVersion: 98.0.4758.81, chrome: {chromedriverVersion: 98.0.4758.80 (7f0488e8ba0d8..., userDataDir: C:\Users\SKSHEE~1\AppData\L...}, goog:chromeOptions: {debuggerAddress: localhost:52454}, javascriptEnabled: true, networkConnectionEnabled: false, pageLoadStrategy: normal, platform: WINDOWS, platformName: WINDOWS, proxy: Proxy(), setWindowRect: true, strictFileInteractability: false, timeouts: {implicit: 0, pageLoad: 300000, script: 30000}, unhandledPromptBehavior: dismiss and notify, webauthn:extension:credBlob: true, webauthn:extension:largeBlob: true, webauthn:virtualAuthenticators: true}
Session ID: ea43ab765be34b67b502d96fd180d9a7
	at org.openqa.selenium.remote.http.W3CHttpResponseCodec.createException(W3CHttpResponseCodec.java:187)
	at org.openqa.selenium.remote.http.W3CHttpResponseCodec.decode(W3CHttpResponseCodec.java:122)
	at org.openqa.selenium.remote.http.W3CHttpResponseCodec.decode(W3CHttpResponseCodec.java:49)
	at org.openqa.selenium.remote.HttpCommandExecutor.execute(HttpCommandExecutor.java:158)
	at org.openqa.selenium.remote.service.DriverCommandExecutor.execute(DriverCommandExecutor.java:83)
	at org.openqa.selenium.remote.RemoteWebDriver.execute(RemoteWebDriver.java:552)
	at org.openqa.selenium.remote.RemoteWebElement.execute(RemoteWebElement.java:285)
	at org.openqa.selenium.remote.RemoteWebElement.click(RemoteWebElement.java:84)
	at HRM.Orange.PageObjects.BaseClass.setupMethod(BaseClass.java:101)
	at java.util.concurrent.ThreadPoolExecutor.runWorker(ThreadPoolExecutor.java:1149)
	at java.util.concurrent.ThreadPoolExecutor$Worker.run(ThreadPoolExecutor.java:624)
	at java.lang.Thread.run(Thread.java:748)
... Removed 14 stack frames]]>
    </failure>
  </testcase> <!-- @BeforeClass setupMethod -->
  <testcase name="@AfterClass tearDown" time="0.0" classname="HRM.Orange.PageTests.Admin.AssignLeaveTest">
    <skipped/>
  </testcase> <!-- @AfterClass tearDown -->
  <testcase name="@BeforeClass setupMethod" time="0.0" classname="HRM.Orange.PageTests.Admin.JobpageTest1">
    <skipped/>
  </testcase> <!-- @BeforeClass setupMethod -->
  <testcase name="@AfterClass tearDown" time="0.0" classname="HRM.Orange.PageTests.Admin.AdminPageTest">
    <skipped/>
  </testcase> <!-- @AfterClass tearDown -->
  <testcase name="@BeforeClass setupMethod" time="0.0" classname="HRM.Orange.PageTests.MyInfo.PersonalDetailsTest">
    <skipped/>
  </testcase> <!-- @BeforeClass setupMethod -->
  <testcase name="@AfterClass tearDown" time="0.0" classname="HRM.Orange.PageTests.Admin.JobpageTest1">
    <skipped/>
  </testcase> <!-- @AfterClass tearDown -->
  <testcase name="@BeforeClass setupMethod" time="0.0" classname="HRM.Orange.PageTests.MyInfo.EmergencyContactsTest">
    <skipped/>
  </testcase> <!-- @BeforeClass setupMethod -->
  <testcase name="@AfterClass tearDown" time="0.0" classname="HRM.Orange.PageTests.MyInfo.EmergencyContactsTest">
    <skipped/>
  </testcase> <!-- @AfterClass tearDown -->
  <testcase name="@AfterClass tearDown" time="0.0" classname="HRM.Orange.PageTests.MyInfo.PersonalDetailsTest">
    <skipped/>
  </testcase> <!-- @AfterClass tearDown -->
  <testcase name="Assignleave" time="0.002" classname="HRM.Orange.PageTests.Admin.AssignLeaveTest">
    <skipped/>
  </testcase> <!-- Assignleave -->
  <testcase name="AdminTest" time="0.003" classname="HRM.Orange.PageTests.Admin.AdminPageTest">
    <skipped/>
  </testcase> <!-- AdminTest -->
  <testcase name="AdminTest" time="0.001" classname="HRM.Orange.PageTests.Admin.AdminPageTest">
    <skipped/>
  </testcase> <!-- AdminTest -->
  <testcase name="addData" time="0.002" classname="HRM.Orange.PageTests.Admin.JobpageTest1">
    <skipped/>
  </testcase> <!-- addData -->
  <testcase name="EmergencyContactData" time="0.002" classname="HRM.Orange.PageTests.MyInfo.EmergencyContactsTest">
    <skipped/>
  </testcase> <!-- EmergencyContactData -->
  <testcase name="PersonalDetailsPage" time="0.002" classname="HRM.Orange.PageTests.MyInfo.PersonalDetailsTest">
    <skipped/>
  </testcase> <!-- PersonalDetailsPage -->
</testsuite> <!-- Test -->
