<?xml version="1.0" encoding="UTF-8"?>
<!-- Generated by org.testng.reporters.JUnitReportReporter -->
<testsuite skipped="1" hostname="US-5CG94924ZQ" name="com.sai.hrm.AdminPageTest.LoginpageTest" tests="2" failures="0" timestamp="2021-03-15T23:07:07 IST" time="14.167" errors="1">
  <testcase name="setup" time="14.167" classname="com.sai.hrm.AdminPageTest.LoginpageTest">
    <error type="org.openqa.selenium.SessionNotCreatedException" message="session not created
from chrome not reachable
  (Session info: chrome=88.0.4324.190)
Build info: version: &#039;3.141.59&#039;, revision: &#039;e82be7d358&#039;, time: &#039;2018-11-14T08:17:03&#039;
System info: host: &#039;US-5CG94924ZQ&#039;, ip: &#039;192.168.43.220&#039;, os.name: &#039;Windows 10&#039;, os.arch: &#039;amd64&#039;, os.version: &#039;10.0&#039;, java.version: &#039;1.8.0_172&#039;
Driver info: driver.version: ChromeDriver
remote stacktrace: Backtrace:
	Ordinal0 [0x0097ECE3+3337443]
	Ordinal0 [0x0085F041+2158657]
	Ordinal0 [0x006E6E50+618064]
	Ordinal0 [0x006DD114+577812]
	Ordinal0 [0x006DD7DB+579547]
	Ordinal0 [0x006DEA45+584261]
	Ordinal0 [0x006D9A71+563825]
	Ordinal0 [0x006E7FD0+622544]
	Ordinal0 [0x00686B2D+224045]
	Ordinal0 [0x00685BFC+220156]
	Ordinal0 [0x0068181B+202779]
	Ordinal0 [0x00663D74+81268]
	Ordinal0 [0x00664D6E+85358]
	Ordinal0 [0x00664CF9+85241]
	Ordinal0 [0x00876F2C+2256684]
	GetHandleVerifier [0x00B02FAC+1478332]
	GetHandleVerifier [0x00B02AFD+1477133]
	GetHandleVerifier [0x00B0AAD8+1509864]
	GetHandleVerifier [0x00B0369E+1480110]
	Ordinal0 [0x0086D6BD+2217661]
	Ordinal0 [0x008789AB+2263467]
	Ordinal0 [0x00878AEF+2263791]
	Ordinal0 [0x0088D363+2347875]
	BaseThreadInitThunk [0x762B6359+25]
	RtlGetAppContainerNamedObjectPath [0x777A8944+228]
	RtlGetAppContainerNamedObjectPath [0x777A8914+180]
">
      <![CDATA[org.openqa.selenium.SessionNotCreatedException: session not created
from chrome not reachable
  (Session info: chrome=88.0.4324.190)
Build info: version: '3.141.59', revision: 'e82be7d358', time: '2018-11-14T08:17:03'
System info: host: 'US-5CG94924ZQ', ip: '192.168.43.220', os.name: 'Windows 10', os.arch: 'amd64', os.version: '10.0', java.version: '1.8.0_172'
Driver info: driver.version: ChromeDriver
remote stacktrace: Backtrace:
Ordinal0 [0x0097ECE3+3337443]
Ordinal0 [0x0085F041+2158657]
Ordinal0 [0x006E6E50+618064]
Ordinal0 [0x006DD114+577812]
Ordinal0 [0x006DD7DB+579547]
Ordinal0 [0x006DEA45+584261]
Ordinal0 [0x006D9A71+563825]
Ordinal0 [0x006E7FD0+622544]
Ordinal0 [0x00686B2D+224045]
Ordinal0 [0x00685BFC+220156]
Ordinal0 [0x0068181B+202779]
Ordinal0 [0x00663D74+81268]
Ordinal0 [0x00664D6E+85358]
Ordinal0 [0x00664CF9+85241]
Ordinal0 [0x00876F2C+2256684]
GetHandleVerifier [0x00B02FAC+1478332]
GetHandleVerifier [0x00B02AFD+1477133]
GetHandleVerifier [0x00B0AAD8+1509864]
GetHandleVerifier [0x00B0369E+1480110]
Ordinal0 [0x0086D6BD+2217661]
Ordinal0 [0x008789AB+2263467]
Ordinal0 [0x00878AEF+2263791]
Ordinal0 [0x0088D363+2347875]
BaseThreadInitThunk [0x762B6359+25]
RtlGetAppContainerNamedObjectPath [0x777A8944+228]
RtlGetAppContainerNamedObjectPath [0x777A8914+180]

at sun.reflect.NativeConstructorAccessorImpl.newInstance0(Native Method)
at sun.reflect.NativeConstructorAccessorImpl.newInstance(Unknown Source)
at sun.reflect.DelegatingConstructorAccessorImpl.newInstance(Unknown Source)
at java.lang.reflect.Constructor.newInstance(Unknown Source)
at org.openqa.selenium.remote.W3CHandshakeResponse.lambda$errorHandler$0(W3CHandshakeResponse.java:62)
at org.openqa.selenium.remote.HandshakeResponse.lambda$getResponseFunction$0(HandshakeResponse.java:30)
at org.openqa.selenium.remote.ProtocolHandshake.lambda$createSession$0(ProtocolHandshake.java:126)
at java.util.stream.ReferencePipeline$3$1.accept(Unknown Source)
at java.util.Spliterators$ArraySpliterator.tryAdvance(Unknown Source)
at java.util.stream.ReferencePipeline.forEachWithCancel(Unknown Source)
at java.util.stream.AbstractPipeline.copyIntoWithCancel(Unknown Source)
at java.util.stream.AbstractPipeline.copyInto(Unknown Source)
at java.util.stream.AbstractPipeline.wrapAndCopyInto(Unknown Source)
at java.util.stream.FindOps$FindOp.evaluateSequential(Unknown Source)
at java.util.stream.AbstractPipeline.evaluate(Unknown Source)
at java.util.stream.ReferencePipeline.findFirst(Unknown Source)
at org.openqa.selenium.remote.ProtocolHandshake.createSession(ProtocolHandshake.java:128)
at org.openqa.selenium.remote.ProtocolHandshake.createSession(ProtocolHandshake.java:74)
at org.openqa.selenium.remote.HttpCommandExecutor.execute(HttpCommandExecutor.java:136)
at org.openqa.selenium.remote.service.DriverCommandExecutor.execute(DriverCommandExecutor.java:83)
at org.openqa.selenium.remote.RemoteWebDriver.execute(RemoteWebDriver.java:552)
at org.openqa.selenium.remote.RemoteWebDriver.startSession(RemoteWebDriver.java:213)
at org.openqa.selenium.remote.RemoteWebDriver.<init>(RemoteWebDriver.java:131)
at org.openqa.selenium.chrome.ChromeDriver.<init>(ChromeDriver.java:181)
at org.openqa.selenium.chrome.ChromeDriver.<init>(ChromeDriver.java:168)
at org.openqa.selenium.chrome.ChromeDriver.<init>(ChromeDriver.java:123)
at com.sai.hrm.base.TestBase.intialization(TestBase.java:53)
at com.sai.hrm.AdminPageTest.LoginpageTest.setup(LoginpageTest.java:28)
at sun.reflect.NativeMethodAccessorImpl.invoke0(Native Method)
at sun.reflect.NativeMethodAccessorImpl.invoke(Unknown Source)
at sun.reflect.DelegatingMethodAccessorImpl.invoke(Unknown Source)
at java.lang.reflect.Method.invoke(Unknown Source)
at org.testng.internal.MethodInvocationHelper.invokeMethod(MethodInvocationHelper.java:135)
at org.testng.internal.MethodInvocationHelper.invokeMethodConsideringTimeout(MethodInvocationHelper.java:64)
at org.testng.internal.ConfigInvoker.invokeConfigurationMethod(ConfigInvoker.java:364)
at org.testng.internal.ConfigInvoker.invokeConfigurations(ConfigInvoker.java:318)
at org.testng.internal.TestInvoker.runConfigMethods(TestInvoker.java:700)
at org.testng.internal.TestInvoker.invokeMethod(TestInvoker.java:527)
at org.testng.internal.TestInvoker.invokeTestMethod(TestInvoker.java:174)
at org.testng.internal.MethodRunner.runInSequence(MethodRunner.java:46)
at org.testng.internal.TestInvoker$MethodInvocationAgent.invoke(TestInvoker.java:821)
at org.testng.internal.TestInvoker.invokeTestMethods(TestInvoker.java:147)
at org.testng.internal.TestMethodWorker.invokeTestMethods(TestMethodWorker.java:146)
at org.testng.internal.TestMethodWorker.run(TestMethodWorker.java:128)
at java.util.ArrayList.forEach(Unknown Source)
at org.testng.TestRunner.privateRun(TestRunner.java:767)
at org.testng.TestRunner.run(TestRunner.java:588)
at org.testng.SuiteRunner.runTest(SuiteRunner.java:384)
at org.testng.SuiteRunner.runSequentially(SuiteRunner.java:378)
at org.testng.SuiteRunner.privateRun(SuiteRunner.java:337)
at org.testng.SuiteRunner.run(SuiteRunner.java:286)
at org.testng.SuiteRunnerWorker.runSuite(SuiteRunnerWorker.java:53)
at org.testng.SuiteRunnerWorker.run(SuiteRunnerWorker.java:96)
at org.testng.TestNG.runSuitesSequentially(TestNG.java:1214)
at org.testng.TestNG.runSuitesLocally(TestNG.java:1136)
at org.testng.TestNG.runSuites(TestNG.java:1066)
at org.testng.TestNG.run(TestNG.java:1034)
at org.testng.remote.AbstractRemoteTestNG.run(AbstractRemoteTestNG.java:115)
at org.testng.remote.RemoteTestNG.initAndRun(RemoteTestNG.java:251)
at org.testng.remote.RemoteTestNG.main(RemoteTestNG.java:77)
]]>
    </error>
  </testcase> <!-- setup -->
  <system-out/>
  <testcase name="loginpage" time="0.000" classname="com.sai.hrm.AdminPageTest.LoginpageTest">
    <skipped/>
  </testcase> <!-- loginpage -->
  <system-out/>
</testsuite> <!-- com.sai.hrm.AdminPageTest.LoginpageTest -->
