<?xml version="1.0" encoding="UTF-8"?>
<!-- Generated by org.testng.reporters.JUnitReportReporter -->
<testsuite skipped="1" hostname="US-5CG94924ZQ" name="com.sai.hrm.AdminPageTest.JobPageTest" tests="2" failures="0" timestamp="16 Mar 2021 13:41:22 GMT" time="2.919" errors="1">
  <testcase name="jobtitles" time="0.000" classname="com.sai.hrm.AdminPageTest.JobPageTest">
    <skipped/>
  </testcase> <!-- jobtitles -->
  <testcase name="setup" time="2.919" classname="com.sai.hrm.AdminPageTest.JobPageTest">
    <error type="org.openqa.selenium.SessionNotCreatedException" message="session not created: This version of ChromeDriver only supports Chrome version 87
Current browser version is 89.0.4389.82 with binary path C:\Program Files (x86)\Google\Chrome\Application\chrome.exe
Build info: version: &#039;3.141.59&#039;, revision: &#039;e82be7d358&#039;, time: &#039;2018-11-14T08:17:03&#039;
System info: host: &#039;US-5CG94924ZQ&#039;, ip: &#039;192.168.43.144&#039;, os.name: &#039;Windows 10&#039;, os.arch: &#039;amd64&#039;, os.version: &#039;10.0&#039;, java.version: &#039;1.8.0_251&#039;
Driver info: driver.version: ChromeDriver
remote stacktrace: Backtrace:
	Ordinal0 [0x003EECE3+3337443]
	Ordinal0 [0x002CF041+2158657]
	Ordinal0 [0x00156FA8+618408]
	Ordinal0 [0x000D1D52+73042]
	Ordinal0 [0x000CE0D8+57560]
	Ordinal0 [0x000CC38A+50058]
	Ordinal0 [0x000F5E8E+220814]
	Ordinal0 [0x000F5BFC+220156]
	Ordinal0 [0x000F181B+202779]
	Ordinal0 [0x000D3D74+81268]
	Ordinal0 [0x000D4D6E+85358]
	Ordinal0 [0x000D4CF9+85241]
	Ordinal0 [0x002E6F2C+2256684]
	GetHandleVerifier [0x00572FAC+1478332]
	GetHandleVerifier [0x00572AFD+1477133]
	GetHandleVerifier [0x0057AAD8+1509864]
	GetHandleVerifier [0x0057369E+1480110]
	Ordinal0 [0x002DD6BD+2217661]
	Ordinal0 [0x002E89AB+2263467]
	Ordinal0 [0x002E8AEF+2263791]
	Ordinal0 [0x002FD363+2347875]
	BaseThreadInitThunk [0x76096359+25]
	RtlGetAppContainerNamedObjectPath [0x77A58944+228]
	RtlGetAppContainerNamedObjectPath [0x77A58914+180]
	(No symbol) [0x00000000]
">
      <![CDATA[org.openqa.selenium.SessionNotCreatedException: session not created: This version of ChromeDriver only supports Chrome version 87
Current browser version is 89.0.4389.82 with binary path C:\Program Files (x86)\Google\Chrome\Application\chrome.exe
Build info: version: '3.141.59', revision: 'e82be7d358', time: '2018-11-14T08:17:03'
System info: host: 'US-5CG94924ZQ', ip: '192.168.43.144', os.name: 'Windows 10', os.arch: 'amd64', os.version: '10.0', java.version: '1.8.0_251'
Driver info: driver.version: ChromeDriver
remote stacktrace: Backtrace:
Ordinal0 [0x003EECE3+3337443]
Ordinal0 [0x002CF041+2158657]
Ordinal0 [0x00156FA8+618408]
Ordinal0 [0x000D1D52+73042]
Ordinal0 [0x000CE0D8+57560]
Ordinal0 [0x000CC38A+50058]
Ordinal0 [0x000F5E8E+220814]
Ordinal0 [0x000F5BFC+220156]
Ordinal0 [0x000F181B+202779]
Ordinal0 [0x000D3D74+81268]
Ordinal0 [0x000D4D6E+85358]
Ordinal0 [0x000D4CF9+85241]
Ordinal0 [0x002E6F2C+2256684]
GetHandleVerifier [0x00572FAC+1478332]
GetHandleVerifier [0x00572AFD+1477133]
GetHandleVerifier [0x0057AAD8+1509864]
GetHandleVerifier [0x0057369E+1480110]
Ordinal0 [0x002DD6BD+2217661]
Ordinal0 [0x002E89AB+2263467]
Ordinal0 [0x002E8AEF+2263791]
Ordinal0 [0x002FD363+2347875]
BaseThreadInitThunk [0x76096359+25]
RtlGetAppContainerNamedObjectPath [0x77A58944+228]
RtlGetAppContainerNamedObjectPath [0x77A58914+180]
(No symbol) [0x00000000]

at sun.reflect.NativeConstructorAccessorImpl.newInstance0(Native Method)
at sun.reflect.NativeConstructorAccessorImpl.newInstance(Unknown Source)
at sun.reflect.DelegatingConstructorAccessorImpl.newInstance(Unknown Source)
at java.lang.reflect.Constructor.newInstance(Unknown Source)
at org.openqa.selenium.remote.W3CHandshakeResponse.lambda$errorHandler$0(W3CHandshakeResponse.java:62)
at org.openqa.selenium.remote.HandshakeResponse.lambda$getResponseFunction$0(HandshakeResponse.java:30)
at org.openqa.selenium.remote.ProtocolHandshake.lambda$createSession$0(ProtocolHandshake.java:126)
at java.util.stream.ReferencePipeline$3$1.accept(Unknown Source)
at java.util.Spliterators$ArraySpliterator.tryAdvance(Unknown Source)
at java.util.stream.ReferencePipeline.forEachWithCancel(Unknown Source)
at java.util.stream.AbstractPipeline.copyIntoWithCancel(Unknown Source)
at java.util.stream.AbstractPipeline.copyInto(Unknown Source)
at java.util.stream.AbstractPipeline.wrapAndCopyInto(Unknown Source)
at java.util.stream.FindOps$FindOp.evaluateSequential(Unknown Source)
at java.util.stream.AbstractPipeline.evaluate(Unknown Source)
at java.util.stream.ReferencePipeline.findFirst(Unknown Source)
at org.openqa.selenium.remote.ProtocolHandshake.createSession(ProtocolHandshake.java:128)
at org.openqa.selenium.remote.ProtocolHandshake.createSession(ProtocolHandshake.java:74)
at org.openqa.selenium.remote.HttpCommandExecutor.execute(HttpCommandExecutor.java:136)
at org.openqa.selenium.remote.service.DriverCommandExecutor.execute(DriverCommandExecutor.java:83)
at org.openqa.selenium.remote.RemoteWebDriver.execute(RemoteWebDriver.java:552)
at org.openqa.selenium.remote.RemoteWebDriver.startSession(RemoteWebDriver.java:213)
at org.openqa.selenium.remote.RemoteWebDriver.<init>(RemoteWebDriver.java:131)
at org.openqa.selenium.chrome.ChromeDriver.<init>(ChromeDriver.java:181)
at org.openqa.selenium.chrome.ChromeDriver.<init>(ChromeDriver.java:168)
at org.openqa.selenium.chrome.ChromeDriver.<init>(ChromeDriver.java:123)
at com.sai.hrm.base.TestBase.intialization(TestBase.java:53)
at com.sai.hrm.AdminPageTest.JobPageTest.setup(JobPageTest.java:33)
at sun.reflect.NativeMethodAccessorImpl.invoke0(Native Method)
at sun.reflect.NativeMethodAccessorImpl.invoke(Unknown Source)
at sun.reflect.DelegatingMethodAccessorImpl.invoke(Unknown Source)
at java.lang.reflect.Method.invoke(Unknown Source)
at org.testng.internal.MethodInvocationHelper.invokeMethod(MethodInvocationHelper.java:124)
at org.testng.internal.MethodInvocationHelper.invokeMethodConsideringTimeout(MethodInvocationHelper.java:59)
at org.testng.internal.Invoker.invokeConfigurationMethod(Invoker.java:458)
at org.testng.internal.Invoker.invokeConfigurations(Invoker.java:222)
at org.testng.internal.Invoker.invokeMethod(Invoker.java:523)
at org.testng.internal.Invoker.invokeTestMethod(Invoker.java:719)
at org.testng.internal.Invoker.invokeTestMethods(Invoker.java:989)
at org.testng.internal.TestMethodWorker.invokeTestMethods(TestMethodWorker.java:125)
at org.testng.internal.TestMethodWorker.run(TestMethodWorker.java:109)
at org.testng.TestRunner.privateRun(TestRunner.java:648)
at org.testng.TestRunner.run(TestRunner.java:505)
at org.testng.SuiteRunner.runTest(SuiteRunner.java:455)
at org.testng.SuiteRunner.runSequentially(SuiteRunner.java:450)
at org.testng.SuiteRunner.privateRun(SuiteRunner.java:415)
at org.testng.SuiteRunner.run(SuiteRunner.java:364)
at org.testng.SuiteRunnerWorker.runSuite(SuiteRunnerWorker.java:52)
at org.testng.SuiteRunnerWorker.run(SuiteRunnerWorker.java:84)
at org.testng.TestNG.runSuitesSequentially(TestNG.java:1208)
at org.testng.TestNG.runSuitesLocally(TestNG.java:1137)
at org.testng.TestNG.runSuites(TestNG.java:1049)
at org.testng.TestNG.run(TestNG.java:1017)
at org.testng.remote.AbstractRemoteTestNG.run(AbstractRemoteTestNG.java:114)
at org.testng.remote.RemoteTestNG.initAndRun(RemoteTestNG.java:251)
at org.testng.remote.RemoteTestNG.main(RemoteTestNG.java:77)
]]>
    </error>
  </testcase> <!-- setup -->
</testsuite> <!-- com.sai.hrm.AdminPageTest.JobPageTest -->
